<?xml version="1.0" encoding="UTF-8"?>
<coverage generated="1781298970461" clover="3.2.0">
  <project timestamp="1781298970461" name="All files">
    <metrics statements="120" coveredstatements="115" conditionals="99" coveredconditionals="84" methods="67" coveredmethods="62" elements="286" coveredelements="261" complexity="0" loc="120" ncloc="120" packages="5" files="8" classes="8"/>
    <package name="app.(tabs).produtos">
      <metrics statements="77" coveredstatements="72" conditionals="86" coveredconditionals="72" methods="36" coveredmethods="31"/>
      <file name="index.tsx" path="C:\DesenvolvimentoDeAplicacoesWeb\projeto-final\proestoque\app\(tabs)\produtos\index.tsx">
        <metrics statements="77" coveredstatements="72" conditionals="86" coveredconditionals="72" methods="36" coveredmethods="31"/>
        <line num="28" count="1" type="stmt"/>
        <line num="42" count="20" type="cond" truecount="1" falsecount="1"/>
        <line num="43" count="20" type="cond" truecount="2" falsecount="0"/>
        <line num="44" count="10" type="stmt"/>
        <line num="48" count="20" type="stmt"/>
        <line num="65" count="20" type="stmt"/>
        <line num="69" count="20" type="cond" truecount="2" falsecount="0"/>
        <line num="84" count="20" type="stmt"/>
        <line num="85" count="20" type="stmt"/>
        <line num="86" count="20" type="stmt"/>
        <line num="87" count="20" type="stmt"/>
        <line num="88" count="20" type="stmt"/>
        <line num="89" count="20" type="stmt"/>
        <line num="91" count="20" type="cond" truecount="1" falsecount="1"/>
        <line num="93" count="20" type="stmt"/>
        <line num="110" count="0" type="stmt"/>
        <line num="163" count="3" type="stmt"/>
        <line num="164" count="3" type="stmt"/>
        <line num="166" count="3" type="stmt"/>
        <line num="185" count="18" type="stmt"/>
        <line num="186" count="18" type="stmt"/>
        <line num="187" count="18" type="stmt"/>
        <line num="188" count="18" type="stmt"/>
        <line num="189" count="18" type="stmt"/>
        <line num="191" count="18" type="stmt"/>
        <line num="192" count="18" type="stmt"/>
        <line num="195" count="18" type="stmt"/>
        <line num="197" count="18" type="stmt"/>
        <line num="199" count="18" type="stmt"/>
        <line num="200" count="18" type="stmt"/>
        <line num="201" count="18" type="cond" truecount="2" falsecount="0"/>
        <line num="203" count="18" type="stmt"/>
        <line num="205" count="4" type="stmt"/>
        <line num="208" count="18" type="stmt"/>
        <line num="209" count="16" type="stmt"/>
        <line num="211" count="16" type="stmt"/>
        <line num="213" count="24" type="cond" truecount="2" falsecount="0"/>
        <line num="217" count="24" type="cond" truecount="2" falsecount="0"/>
        <line num="220" count="24" type="cond" truecount="2" falsecount="0"/>
        <line num="224" count="18" type="stmt"/>
        <line num="225" count="16" type="stmt"/>
        <line num="228" count="8" type="stmt"/>
        <line num="229" count="6" type="stmt"/>
        <line num="232" count="18" type="stmt"/>
        <line num="233" count="1" type="stmt"/>
        <line num="234" count="1" type="stmt"/>
        <line num="235" count="1" type="stmt"/>
        <line num="237" count="1" type="stmt"/>
        <line num="241" count="18" type="stmt"/>
        <line num="242" count="1" type="stmt"/>
        <line num="243" count="1" type="stmt"/>
        <line num="246" count="18" type="stmt"/>
        <line num="248" count="18" type="stmt"/>
        <line num="252" count="1" type="stmt"/>
        <line num="258" count="18" type="stmt"/>
        <line num="260" count="2" type="stmt"/>
        <line num="264" count="0" type="stmt"/>
        <line num="271" count="39" type="stmt"/>
        <line num="274" count="18" type="stmt"/>
        <line num="282" count="0" type="stmt"/>
        <line num="308" count="1" type="stmt"/>
        <line num="323" count="25" type="stmt"/>
        <line num="324" count="25" type="stmt"/>
        <line num="332" count="1" type="stmt"/>
        <line num="354" count="0" type="stmt"/>
        <line num="384" count="1" type="stmt"/>
        <line num="418" count="18" type="cond" truecount="1" falsecount="1"/>
        <line num="427" count="18" type="stmt"/>
        <line num="435" count="18" type="cond" truecount="5" falsecount="0"/>
        <line num="436" count="1" type="stmt"/>
        <line num="444" count="17" type="cond" truecount="4" falsecount="0"/>
        <line num="445" count="3" type="stmt"/>
        <line num="448" count="14" type="stmt"/>
        <line num="475" count="1" type="stmt"/>
        <line num="479" count="1" type="cond" truecount="1" falsecount="1"/>
        <line num="510" count="0" type="stmt"/>
        <line num="520" count="41" type="stmt"/>
      </file>
    </package>
    <package name="src.components">
      <metrics statements="27" coveredstatements="27" conditionals="13" coveredconditionals="12" methods="17" coveredmethods="17"/>
      <file name="ErrorView.tsx" path="C:\DesenvolvimentoDeAplicacoesWeb\projeto-final\proestoque\src\components\ErrorView.tsx">
        <metrics statements="4" coveredstatements="4" conditionals="1" coveredconditionals="0" methods="3" coveredmethods="3"/>
        <line num="13" count="3" type="stmt"/>
        <line num="14" count="3" type="stmt"/>
        <line num="16" count="3" type="stmt"/>
        <line num="30" count="3" type="stmt"/>
      </file>
      <file name="ProductCard.tsx" path="C:\DesenvolvimentoDeAplicacoesWeb\projeto-final\proestoque\src\components\ProductCard.tsx">
        <metrics statements="6" coveredstatements="6" conditionals="2" coveredconditionals="2" methods="4" coveredmethods="4"/>
        <line num="27" count="7" type="stmt"/>
        <line num="28" count="7" type="stmt"/>
        <line num="29" count="7" type="stmt"/>
        <line num="31" count="7" type="stmt"/>
        <line num="54" count="1" type="stmt"/>
        <line num="65" count="7" type="stmt"/>
      </file>
      <file name="ProdutoSkeleton.tsx" path="C:\DesenvolvimentoDeAplicacoesWeb\projeto-final\proestoque\src\components\ProdutoSkeleton.tsx">
        <metrics statements="10" coveredstatements="10" conditionals="9" coveredconditionals="9" methods="6" coveredmethods="6"/>
        <line num="8" count="32" type="stmt"/>
        <line num="9" count="32" type="stmt"/>
        <line num="11" count="32" type="cond" truecount="2" falsecount="0"/>
        <line num="12" count="15" type="stmt"/>
        <line num="22" count="17" type="stmt"/>
        <line num="35" count="7" type="stmt"/>
        <line num="36" count="7" type="stmt"/>
        <line num="38" count="7" type="stmt"/>
        <line num="41" count="29" type="cond" truecount="2" falsecount="0"/>
        <line num="49" count="39" type="stmt"/>
      </file>
      <file name="Skeleton.tsx" path="C:\DesenvolvimentoDeAplicacoesWeb\projeto-final\proestoque\src\components\Skeleton.tsx">
        <metrics statements="7" coveredstatements="7" conditionals="1" coveredconditionals="1" methods="4" coveredmethods="4"/>
        <line num="14" count="128" type="stmt"/>
        <line num="15" count="128" type="stmt"/>
        <line num="16" count="128" type="stmt"/>
        <line num="18" count="128" type="stmt"/>
        <line num="19" count="128" type="stmt"/>
        <line num="35" count="128" type="stmt"/>
        <line num="51" count="128" type="stmt"/>
      </file>
    </package>
    <package name="src.components.web">
      <metrics statements="6" coveredstatements="6" conditionals="0" coveredconditionals="0" methods="4" coveredmethods="4"/>
      <file name="WebFooter.tsx" path="C:\DesenvolvimentoDeAplicacoesWeb\projeto-final\proestoque\src\components\web\WebFooter.tsx">
        <metrics statements="6" coveredstatements="6" conditionals="0" coveredconditionals="0" methods="4" coveredmethods="4"/>
        <line num="6" count="2" type="stmt"/>
        <line num="16" count="4" type="stmt"/>
        <line num="17" count="4" type="stmt"/>
        <line num="19" count="4" type="stmt"/>
        <line num="24" count="24" type="stmt"/>
        <line num="44" count="4" type="stmt"/>
      </file>
    </package>
    <package name="src.hooks">
      <metrics statements="7" coveredstatements="7" conditionals="0" coveredconditionals="0" methods="7" coveredmethods="7"/>
      <file name="useEstoque.ts" path="C:\DesenvolvimentoDeAplicacoesWeb\projeto-final\proestoque\src\hooks\useEstoque.ts">
        <metrics statements="7" coveredstatements="7" conditionals="0" coveredconditionals="0" methods="7" coveredmethods="7"/>
        <line num="17" count="6" type="stmt"/>
        <line num="18" count="15" type="stmt"/>
        <line num="22" count="6" type="stmt"/>
        <line num="23" count="15" type="stmt"/>
        <line num="27" count="6" type="stmt"/>
        <line num="28" count="15" type="stmt"/>
        <line num="32" count="6" type="stmt"/>
      </file>
    </package>
    <package name="src.utils">
      <metrics statements="3" coveredstatements="3" conditionals="0" coveredconditionals="0" methods="3" coveredmethods="3"/>
      <file name="formatters.ts" path="C:\DesenvolvimentoDeAplicacoesWeb\projeto-final\proestoque\src\utils\formatters.ts">
        <metrics statements="3" coveredstatements="3" conditionals="0" coveredconditionals="0" methods="3" coveredmethods="3"/>
        <line num="8" count="12" type="stmt"/>
        <line num="22" count="5" type="stmt"/>
        <line num="33" count="12" type="stmt"/>
      </file>
    </package>
  </project>
</coverage>
