{"C:\\DesenvolvimentoDeAplicacoesWeb\\projeto-final\\proestoque\\app\\(tabs)\\produtos\\index.tsx": {"path":"C:\\DesenvolvimentoDeAplicacoesWeb\\projeto-final\\proestoque\\app\\(tabs)\\produtos\\index.tsx","statementMap":{"0":{"start":{"line":28,"column":14},"end":{"line":28,"column":35}},"1":{"start":{"line":42,"column":2},"end":{"line":42,"column":53}},"2":{"start":{"line":42,"column":32},"end":{"line":42,"column":53}},"3":{"start":{"line":43,"column":2},"end":{"line":43,"column":69}},"4":{"start":{"line":43,"column":54},"end":{"line":43,"column":69}},"5":{"start":{"line":44,"column":2},"end":{"line":44,"column":18}},"6":{"start":{"line":48,"column":88},"end":{"line":64,"column":3}},"7":{"start":{"line":65,"column":2},"end":{"line":65,"column":25}},"8":{"start":{"line":69,"column":2},"end":{"line":69,"column":79}},"9":{"start":{"line":69,"column":32},"end":{"line":69,"column":52}},"10":{"start":{"line":84,"column":21},"end":{"line":84,"column":31}},"11":{"start":{"line":85,"column":12},"end":{"line":85,"column":57}},"12":{"start":{"line":85,"column":32},"end":{"line":85,"column":46}},"13":{"start":{"line":86,"column":17},"end":{"line":86,"column":42}},"14":{"start":{"line":87,"column":17},"end":{"line":87,"column":48}},"15":{"start":{"line":88,"column":16},"end":{"line":88,"column":66}},"16":{"start":{"line":89,"column":38},"end":{"line":89,"column":53}},"17":{"start":{"line":91,"column":20},"end":{"line":91,"column":47}},"18":{"start":{"line":93,"column":2},"end":{"line":159,"column":4}},"19":{"start":{"line":110,"column":25},"end":{"line":110,"column":44}},"20":{"start":{"line":163,"column":21},"end":{"line":163,"column":31}},"21":{"start":{"line":164,"column":12},"end":{"line":164,"column":57}},"22":{"start":{"line":164,"column":32},"end":{"line":164,"column":46}},"23":{"start":{"line":166,"column":2},"end":{"line":180,"column":4}},"24":{"start":{"line":185,"column":53},"end":{"line":185,"column":66}},"25":{"start":{"line":186,"column":21},"end":{"line":186,"column":31}},"26":{"start":{"line":187,"column":12},"end":{"line":187,"column":57}},"27":{"start":{"line":187,"column":32},"end":{"line":187,"column":46}},"28":{"start":{"line":188,"column":91},"end":{"line":188,"column":106}},"29":{"start":{"line":189,"column":17},"end":{"line":189,"column":28}},"30":{"start":{"line":191,"column":28},"end":{"line":191,"column":40}},"31":{"start":{"line":192,"column":58},"end":{"line":194,"column":9}},"32":{"start":{"line":195,"column":38},"end":{"line":195,"column":53}},"33":{"start":{"line":197,"column":4},"end":{"line":197,"column":39}},"34":{"start":{"line":199,"column":20},"end":{"line":199,"column":41}},"35":{"start":{"line":200,"column":20},"end":{"line":200,"column":32}},"36":{"start":{"line":201,"column":23},"end":{"line":201,"column":65}},"37":{"start":{"line":203,"column":16},"end":{"line":206,"column":18}},"38":{"start":{"line":203,"column":47},"end":{"line":206,"column":3}},"39":{"start":{"line":205,"column":30},"end":{"line":205,"column":56}},"40":{"start":{"line":208,"column":28},"end":{"line":222,"column":45}},"41":{"start":{"line":209,"column":29},"end":{"line":209,"column":55}},"42":{"start":{"line":211,"column":4},"end":{"line":221,"column":7}},"43":{"start":{"line":213,"column":8},"end":{"line":214,"column":46}},"44":{"start":{"line":217,"column":8},"end":{"line":218,"column":55}},"45":{"start":{"line":220,"column":6},"end":{"line":220,"column":54}},"46":{"start":{"line":224,"column":26},"end":{"line":230,"column":37}},"47":{"start":{"line":225,"column":4},"end":{"line":229,"column":49}},"48":{"start":{"line":225,"column":36},"end":{"line":229,"column":5}},"49":{"start":{"line":228,"column":44},"end":{"line":228,"column":68}},"50":{"start":{"line":229,"column":26},"end":{"line":229,"column":47}},"51":{"start":{"line":232,"column":20},"end":{"line":239,"column":40}},"52":{"start":{"line":233,"column":4},"end":{"line":233,"column":24}},"53":{"start":{"line":234,"column":4},"end":{"line":238,"column":5}},"54":{"start":{"line":235,"column":6},"end":{"line":235,"column":64}},"55":{"start":{"line":237,"column":6},"end":{"line":237,"column":27}},"56":{"start":{"line":241,"column":22},"end":{"line":244,"column":3}},"57":{"start":{"line":242,"column":4},"end":{"line":242,"column":17}},"58":{"start":{"line":243,"column":4},"end":{"line":243,"column":27}},"59":{"start":{"line":246,"column":26},"end":{"line":256,"column":3}},"60":{"start":{"line":248,"column":6},"end":{"line":253,"column":8}},"61":{"start":{"line":252,"column":23},"end":{"line":252,"column":65}},"62":{"start":{"line":258,"column":26},"end":{"line":269,"column":3}},"63":{"start":{"line":260,"column":6},"end":{"line":266,"column":13}},"64":{"start":{"line":264,"column":25},"end":{"line":264,"column":67}},"65":{"start":{"line":271,"column":23},"end":{"line":271,"column":66}},"66":{"start":{"line":271,"column":54},"end":{"line":271,"column":61}},"67":{"start":{"line":274,"column":4},"end":{"line":415,"column":11}},"68":{"start":{"line":282,"column":27},"end":{"line":282,"column":63}},"69":{"start":{"line":308,"column":27},"end":{"line":308,"column":39}},"70":{"start":{"line":323,"column":24},"end":{"line":323,"column":56}},"71":{"start":{"line":324,"column":10},"end":{"line":343,"column":12}},"72":{"start":{"line":332,"column":29},"end":{"line":332,"column":61}},"73":{"start":{"line":354,"column":25},"end":{"line":354,"column":53}},"74":{"start":{"line":384,"column":25},"end":{"line":384,"column":56}},"75":{"start":{"line":418,"column":21},"end":{"line":424,"column":3}},"76":{"start":{"line":427,"column":4},"end":{"line":432,"column":6}},"77":{"start":{"line":435,"column":2},"end":{"line":442,"column":3}},"78":{"start":{"line":436,"column":4},"end":{"line":441,"column":6}},"79":{"start":{"line":444,"column":2},"end":{"line":446,"column":3}},"80":{"start":{"line":445,"column":4},"end":{"line":445,"column":63}},"81":{"start":{"line":448,"column":2},"end":{"line":517,"column":4}},"82":{"start":{"line":475,"column":12},"end":{"line":492,"column":19}},"83":{"start":{"line":479,"column":44},"end":{"line":479,"column":72}},"84":{"start":{"line":510,"column":25},"end":{"line":510,"column":61}},"85":{"start":{"line":520,"column":15},"end":{"line":796,"column":2}},"86":{"start":{"line":520,"column":40},"end":{"line":796,"column":2}}},"fnMap":{"0":{"name":"getStatusEstoque","decl":{"start":{"line":41,"column":9},"end":{"line":41,"column":25}},"loc":{"start":{"line":41,"column":59},"end":{"line":45,"column":1}},"line":41},"1":{"name":"getStatusConfig","decl":{"start":{"line":47,"column":9},"end":{"line":47,"column":24}},"loc":{"start":{"line":47,"column":69},"end":{"line":66,"column":1}},"line":47},"2":{"name":"getCategoriaIcone","decl":{"start":{"line":68,"column":9},"end":{"line":68,"column":26}},"loc":{"start":{"line":68,"column":81},"end":{"line":70,"column":1}},"line":68},"3":{"name":"(anonymous_3)","decl":{"start":{"line":69,"column":25},"end":{"line":69,"column":26}},"loc":{"start":{"line":69,"column":32},"end":{"line":69,"column":52}},"line":69},"4":{"name":"ProdutoCard","decl":{"start":{"line":73,"column":9},"end":{"line":73,"column":20}},"loc":{"start":{"line":83,"column":3},"end":{"line":160,"column":1}},"line":83},"5":{"name":"(anonymous_5)","decl":{"start":{"line":85,"column":26},"end":{"line":85,"column":27}},"loc":{"start":{"line":85,"column":32},"end":{"line":85,"column":46}},"line":85},"6":{"name":"(anonymous_6)","decl":{"start":{"line":110,"column":19},"end":{"line":110,"column":20}},"loc":{"start":{"line":110,"column":25},"end":{"line":110,"column":44}},"line":110},"7":{"name":"ListaVazia","decl":{"start":{"line":162,"column":9},"end":{"line":162,"column":19}},"loc":{"start":{"line":162,"column":22},"end":{"line":181,"column":1}},"line":162},"8":{"name":"(anonymous_8)","decl":{"start":{"line":164,"column":26},"end":{"line":164,"column":27}},"loc":{"start":{"line":164,"column":32},"end":{"line":164,"column":46}},"line":164},"9":{"name":"ProdutosScreen","decl":{"start":{"line":184,"column":24},"end":{"line":184,"column":38}},"loc":{"start":{"line":184,"column":41},"end":{"line":518,"column":1}},"line":184},"10":{"name":"(anonymous_10)","decl":{"start":{"line":187,"column":26},"end":{"line":187,"column":27}},"loc":{"start":{"line":187,"column":32},"end":{"line":187,"column":46}},"line":187},"11":{"name":"(anonymous_11)","decl":{"start":{"line":203,"column":41},"end":{"line":203,"column":42}},"loc":{"start":{"line":203,"column":47},"end":{"line":206,"column":3}},"line":203},"12":{"name":"(anonymous_12)","decl":{"start":{"line":205,"column":22},"end":{"line":205,"column":23}},"loc":{"start":{"line":205,"column":30},"end":{"line":205,"column":56}},"line":205},"13":{"name":"(anonymous_13)","decl":{"start":{"line":208,"column":36},"end":{"line":208,"column":37}},"loc":{"start":{"line":208,"column":42},"end":{"line":222,"column":3}},"line":208},"14":{"name":"(anonymous_14)","decl":{"start":{"line":211,"column":27},"end":{"line":211,"column":28}},"loc":{"start":{"line":211,"column":34},"end":{"line":221,"column":5}},"line":211},"15":{"name":"(anonymous_15)","decl":{"start":{"line":224,"column":43},"end":{"line":224,"column":44}},"loc":{"start":{"line":224,"column":49},"end":{"line":230,"column":3}},"line":224},"16":{"name":"(anonymous_16)","decl":{"start":{"line":225,"column":26},"end":{"line":225,"column":27}},"loc":{"start":{"line":225,"column":36},"end":{"line":229,"column":5}},"line":225},"17":{"name":"(anonymous_17)","decl":{"start":{"line":228,"column":37},"end":{"line":228,"column":38}},"loc":{"start":{"line":228,"column":44},"end":{"line":228,"column":68}},"line":228},"18":{"name":"(anonymous_18)","decl":{"start":{"line":229,"column":15},"end":{"line":229,"column":16}},"loc":{"start":{"line":229,"column":26},"end":{"line":229,"column":47}},"line":229},"19":{"name":"(anonymous_19)","decl":{"start":{"line":232,"column":32},"end":{"line":232,"column":33}},"loc":{"start":{"line":232,"column":44},"end":{"line":239,"column":3}},"line":232},"20":{"name":"(anonymous_20)","decl":{"start":{"line":241,"column":22},"end":{"line":241,"column":23}},"loc":{"start":{"line":241,"column":28},"end":{"line":244,"column":3}},"line":241},"21":{"name":"(anonymous_21)","decl":{"start":{"line":247,"column":4},"end":{"line":247,"column":5}},"loc":{"start":{"line":248,"column":6},"end":{"line":253,"column":8}},"line":248},"22":{"name":"(anonymous_22)","decl":{"start":{"line":252,"column":17},"end":{"line":252,"column":18}},"loc":{"start":{"line":252,"column":23},"end":{"line":252,"column":65}},"line":252},"23":{"name":"(anonymous_23)","decl":{"start":{"line":259,"column":4},"end":{"line":259,"column":5}},"loc":{"start":{"line":260,"column":6},"end":{"line":266,"column":13}},"line":260},"24":{"name":"(anonymous_24)","decl":{"start":{"line":264,"column":19},"end":{"line":264,"column":20}},"loc":{"start":{"line":264,"column":25},"end":{"line":264,"column":67}},"line":264},"25":{"name":"(anonymous_25)","decl":{"start":{"line":271,"column":35},"end":{"line":271,"column":36}},"loc":{"start":{"line":271,"column":54},"end":{"line":271,"column":61}},"line":271},"26":{"name":"(anonymous_26)","decl":{"start":{"line":282,"column":21},"end":{"line":282,"column":22}},"loc":{"start":{"line":282,"column":27},"end":{"line":282,"column":63}},"line":282},"27":{"name":"(anonymous_27)","decl":{"start":{"line":308,"column":21},"end":{"line":308,"column":22}},"loc":{"start":{"line":308,"column":27},"end":{"line":308,"column":39}},"line":308},"28":{"name":"(anonymous_28)","decl":{"start":{"line":322,"column":19},"end":{"line":322,"column":20}},"loc":{"start":{"line":322,"column":29},"end":{"line":344,"column":9}},"line":322},"29":{"name":"(anonymous_29)","decl":{"start":{"line":332,"column":23},"end":{"line":332,"column":24}},"loc":{"start":{"line":332,"column":29},"end":{"line":332,"column":61}},"line":332},"30":{"name":"(anonymous_30)","decl":{"start":{"line":354,"column":19},"end":{"line":354,"column":20}},"loc":{"start":{"line":354,"column":25},"end":{"line":354,"column":53}},"line":354},"31":{"name":"(anonymous_31)","decl":{"start":{"line":384,"column":19},"end":{"line":384,"column":20}},"loc":{"start":{"line":384,"column":25},"end":{"line":384,"column":56}},"line":384},"32":{"name":"(anonymous_32)","decl":{"start":{"line":474,"column":31},"end":{"line":474,"column":32}},"loc":{"start":{"line":475,"column":12},"end":{"line":492,"column":19}},"line":475},"33":{"name":"(anonymous_33)","decl":{"start":{"line":479,"column":37},"end":{"line":479,"column":38}},"loc":{"start":{"line":479,"column":44},"end":{"line":479,"column":72}},"line":479},"34":{"name":"(anonymous_34)","decl":{"start":{"line":510,"column":19},"end":{"line":510,"column":20}},"loc":{"start":{"line":510,"column":25},"end":{"line":510,"column":61}},"line":510},"35":{"name":"(anonymous_35)","decl":{"start":{"line":520,"column":15},"end":{"line":520,"column":16}},"loc":{"start":{"line":520,"column":40},"end":{"line":796,"column":2}},"line":520}},"branchMap":{"0":{"loc":{"start":{"line":42,"column":2},"end":{"line":42,"column":53}},"type":"if","locations":[{"start":{"line":42,"column":2},"end":{"line":42,"column":53}},{"start":{},"end":{}}],"line":42},"1":{"loc":{"start":{"line":43,"column":2},"end":{"line":43,"column":69}},"type":"if","locations":[{"start":{"line":43,"column":2},"end":{"line":43,"column":69}},{"start":{},"end":{}}],"line":43},"2":{"loc":{"start":{"line":69,"column":9},"end":{"line":69,"column":78}},"type":"binary-expr","locations":[{"start":{"line":69,"column":9},"end":{"line":69,"column":60}},{"start":{"line":69,"column":64},"end":{"line":69,"column":78}}],"line":69},"3":{"loc":{"start":{"line":76,"column":2},"end":{"line":76,"column":22}},"type":"default-arg","locations":[{"start":{"line":76,"column":17},"end":{"line":76,"column":22}}],"line":76},"4":{"loc":{"start":{"line":91,"column":20},"end":{"line":91,"column":47}},"type":"binary-expr","locations":[{"start":{"line":91,"column":20},"end":{"line":91,"column":32}},{"start":{"line":91,"column":36},"end":{"line":91,"column":47}}],"line":91},"5":{"loc":{"start":{"line":99,"column":8},"end":{"line":99,"column":43}},"type":"binary-expr","locations":[{"start":{"line":99,"column":8},"end":{"line":99,"column":20}},{"start":{"line":99,"column":24},"end":{"line":99,"column":43}}],"line":99},"6":{"loc":{"start":{"line":102,"column":7},"end":{"line":126,"column":7}},"type":"cond-expr","locations":[{"start":{"line":103,"column":8},"end":{"line":111,"column":10}},{"start":{"line":113,"column":8},"end":{"line":125,"column":15}}],"line":102},"7":{"loc":{"start":{"line":107,"column":12},"end":{"line":107,"column":39}},"type":"binary-expr","locations":[{"start":{"line":107,"column":12},"end":{"line":107,"column":25}},{"start":{"line":107,"column":29},"end":{"line":107,"column":39}}],"line":107},"8":{"loc":{"start":{"line":108,"column":12},"end":{"line":108,"column":41}},"type":"binary-expr","locations":[{"start":{"line":108,"column":12},"end":{"line":108,"column":24}},{"start":{"line":108,"column":28},"end":{"line":108,"column":41}}],"line":108},"9":{"loc":{"start":{"line":116,"column":12},"end":{"line":116,"column":39}},"type":"binary-expr","locations":[{"start":{"line":116,"column":12},"end":{"line":116,"column":25}},{"start":{"line":116,"column":29},"end":{"line":116,"column":39}}],"line":116},"10":{"loc":{"start":{"line":117,"column":12},"end":{"line":117,"column":41}},"type":"binary-expr","locations":[{"start":{"line":117,"column":12},"end":{"line":117,"column":24}},{"start":{"line":117,"column":28},"end":{"line":117,"column":41}}],"line":117},"11":{"loc":{"start":{"line":131,"column":10},"end":{"line":131,"column":45}},"type":"binary-expr","locations":[{"start":{"line":131,"column":10},"end":{"line":131,"column":22}},{"start":{"line":131,"column":26},"end":{"line":131,"column":45}}],"line":131},"12":{"loc":{"start":{"line":135,"column":33},"end":{"line":135,"column":61}},"type":"binary-expr","locations":[{"start":{"line":135,"column":33},"end":{"line":135,"column":45}},{"start":{"line":135,"column":49},"end":{"line":135,"column":61}}],"line":135},"13":{"loc":{"start":{"line":136,"column":25},"end":{"line":136,"column":45}},"type":"cond-expr","locations":[{"start":{"line":136,"column":40},"end":{"line":136,"column":41}},{"start":{"line":136,"column":44},"end":{"line":136,"column":45}}],"line":136},"14":{"loc":{"start":{"line":141,"column":32},"end":{"line":141,"column":60}},"type":"binary-expr","locations":[{"start":{"line":141,"column":32},"end":{"line":141,"column":44}},{"start":{"line":141,"column":48},"end":{"line":141,"column":60}}],"line":141},"15":{"loc":{"start":{"line":151,"column":10},"end":{"line":151,"column":39}},"type":"binary-expr","locations":[{"start":{"line":151,"column":10},"end":{"line":151,"column":22}},{"start":{"line":151,"column":26},"end":{"line":151,"column":39}}],"line":151},"16":{"loc":{"start":{"line":201,"column":23},"end":{"line":201,"column":65}},"type":"binary-expr","locations":[{"start":{"line":201,"column":23},"end":{"line":201,"column":51}},{"start":{"line":201,"column":55},"end":{"line":201,"column":65}}],"line":201},"17":{"loc":{"start":{"line":213,"column":8},"end":{"line":214,"column":46}},"type":"binary-expr","locations":[{"start":{"line":213,"column":8},"end":{"line":213,"column":37}},{"start":{"line":214,"column":8},"end":{"line":214,"column":46}}],"line":213},"18":{"loc":{"start":{"line":217,"column":8},"end":{"line":218,"column":55}},"type":"binary-expr","locations":[{"start":{"line":217,"column":8},"end":{"line":217,"column":31}},{"start":{"line":218,"column":8},"end":{"line":218,"column":55}}],"line":217},"19":{"loc":{"start":{"line":220,"column":13},"end":{"line":220,"column":53}},"type":"binary-expr","locations":[{"start":{"line":220,"column":13},"end":{"line":220,"column":33}},{"start":{"line":220,"column":37},"end":{"line":220,"column":53}}],"line":220},"20":{"loc":{"start":{"line":277,"column":9},"end":{"line":286,"column":9}},"type":"binary-expr","locations":[{"start":{"line":277,"column":9},"end":{"line":277,"column":14}},{"start":{"line":278,"column":10},"end":{"line":285,"column":29}}],"line":277},"21":{"loc":{"start":{"line":306,"column":9},"end":{"line":318,"column":9}},"type":"binary-expr","locations":[{"start":{"line":306,"column":9},"end":{"line":306,"column":25}},{"start":{"line":307,"column":10},"end":{"line":317,"column":29}}],"line":306},"22":{"loc":{"start":{"line":326,"column":19},"end":{"line":326,"column":37}},"type":"binary-expr","locations":[{"start":{"line":326,"column":19},"end":{"line":326,"column":26}},{"start":{"line":326,"column":30},"end":{"line":326,"column":37}}],"line":326},"23":{"loc":{"start":{"line":329,"column":16},"end":{"line":329,"column":51}},"type":"cond-expr","locations":[{"start":{"line":329,"column":24},"end":{"line":329,"column":35}},{"start":{"line":329,"column":38},"end":{"line":329,"column":51}}],"line":329},"24":{"loc":{"start":{"line":337,"column":18},"end":{"line":337,"column":61}},"type":"cond-expr","locations":[{"start":{"line":337,"column":26},"end":{"line":337,"column":41}},{"start":{"line":337,"column":44},"end":{"line":337,"column":61}}],"line":337},"25":{"loc":{"start":{"line":351,"column":12},"end":{"line":351,"column":60}},"type":"binary-expr","locations":[{"start":{"line":351,"column":12},"end":{"line":351,"column":40}},{"start":{"line":351,"column":44},"end":{"line":351,"column":60}}],"line":351},"26":{"loc":{"start":{"line":360,"column":14},"end":{"line":362,"column":34}},"type":"cond-expr","locations":[{"start":{"line":361,"column":18},"end":{"line":361,"column":32}},{"start":{"line":362,"column":18},"end":{"line":362,"column":34}}],"line":360},"27":{"loc":{"start":{"line":369,"column":14},"end":{"line":371,"column":37}},"type":"cond-expr","locations":[{"start":{"line":370,"column":18},"end":{"line":370,"column":35}},{"start":{"line":371,"column":18},"end":{"line":371,"column":37}}],"line":369},"28":{"loc":{"start":{"line":381,"column":12},"end":{"line":381,"column":63}},"type":"binary-expr","locations":[{"start":{"line":381,"column":12},"end":{"line":381,"column":43}},{"start":{"line":381,"column":47},"end":{"line":381,"column":63}}],"line":381},"29":{"loc":{"start":{"line":390,"column":14},"end":{"line":392,"column":34}},"type":"cond-expr","locations":[{"start":{"line":391,"column":18},"end":{"line":391,"column":32}},{"start":{"line":392,"column":18},"end":{"line":392,"column":34}}],"line":390},"30":{"loc":{"start":{"line":399,"column":14},"end":{"line":401,"column":37}},"type":"cond-expr","locations":[{"start":{"line":400,"column":18},"end":{"line":400,"column":35}},{"start":{"line":401,"column":18},"end":{"line":401,"column":37}}],"line":399},"31":{"loc":{"start":{"line":412,"column":11},"end":{"line":412,"column":66}},"type":"cond-expr","locations":[{"start":{"line":412,"column":44},"end":{"line":412,"column":53}},{"start":{"line":412,"column":56},"end":{"line":412,"column":66}}],"line":412},"32":{"loc":{"start":{"line":418,"column":21},"end":{"line":424,"column":3}},"type":"cond-expr","locations":[{"start":{"line":419,"column":4},"end":{"line":421,"column":11}},{"start":{"line":423,"column":4},"end":{"line":423,"column":35}}],"line":418},"33":{"loc":{"start":{"line":435,"column":2},"end":{"line":442,"column":3}},"type":"if","locations":[{"start":{"line":435,"column":2},"end":{"line":442,"column":3}},{"start":{},"end":{}}],"line":435},"34":{"loc":{"start":{"line":435,"column":6},"end":{"line":435,"column":65}},"type":"binary-expr","locations":[{"start":{"line":435,"column":7},"end":{"line":435,"column":16}},{"start":{"line":435,"column":20},"end":{"line":435,"column":39}},{"start":{"line":435,"column":44},"end":{"line":435,"column":65}}],"line":435},"35":{"loc":{"start":{"line":444,"column":2},"end":{"line":446,"column":3}},"type":"if","locations":[{"start":{"line":444,"column":2},"end":{"line":446,"column":3}},{"start":{},"end":{}}],"line":444},"36":{"loc":{"start":{"line":444,"column":6},"end":{"line":444,"column":36}},"type":"binary-expr","locations":[{"start":{"line":444,"column":6},"end":{"line":444,"column":11}},{"start":{"line":444,"column":15},"end":{"line":444,"column":36}}],"line":444},"37":{"loc":{"start":{"line":450,"column":7},"end":{"line":503,"column":7}},"type":"cond-expr","locations":[{"start":{"line":451,"column":8},"end":{"line":466,"column":10}},{"start":{"line":468,"column":8},"end":{"line":502,"column":10}}],"line":450},"38":{"loc":{"start":{"line":462,"column":36},"end":{"line":462,"column":71}},"type":"cond-expr","locations":[{"start":{"line":462,"column":44},"end":{"line":462,"column":59}},{"start":{"line":462,"column":62},"end":{"line":462,"column":71}}],"line":462},"39":{"loc":{"start":{"line":479,"column":21},"end":{"line":480,"column":47}},"type":"binary-expr","locations":[{"start":{"line":479,"column":21},"end":{"line":480,"column":29}},{"start":{"line":480,"column":33},"end":{"line":480,"column":47}}],"line":479},"40":{"loc":{"start":{"line":497,"column":36},"end":{"line":497,"column":71}},"type":"cond-expr","locations":[{"start":{"line":497,"column":44},"end":{"line":497,"column":59}},{"start":{"line":497,"column":62},"end":{"line":497,"column":71}}],"line":497},"41":{"loc":{"start":{"line":506,"column":7},"end":{"line":515,"column":7}},"type":"binary-expr","locations":[{"start":{"line":506,"column":7},"end":{"line":506,"column":13}},{"start":{"line":507,"column":8},"end":{"line":514,"column":27}}],"line":506},"42":{"loc":{"start":{"line":526,"column":19},"end":{"line":526,"column":33}},"type":"cond-expr","locations":[{"start":{"line":526,"column":27},"end":{"line":526,"column":28}},{"start":{"line":526,"column":31},"end":{"line":526,"column":33}}],"line":526}},"s":{"0":1,"1":20,"2":0,"3":20,"4":10,"5":10,"6":20,"7":20,"8":20,"9":8,"10":20,"11":20,"12":20,"13":20,"14":20,"15":20,"16":20,"17":20,"18":20,"19":0,"20":3,"21":3,"22":3,"23":3,"24":18,"25":18,"26":18,"27":18,"28":18,"29":18,"30":18,"31":18,"32":18,"33":18,"34":18,"35":18,"36":18,"37":18,"38":12,"39":4,"40":18,"41":16,"42":16,"43":24,"44":24,"45":24,"46":18,"47":16,"48":6,"49":8,"50":6,"51":18,"52":1,"53":1,"54":1,"55":1,"56":18,"57":1,"58":1,"59":18,"60":18,"61":1,"62":18,"63":2,"64":0,"65":18,"66":39,"67":18,"68":0,"69":1,"70":25,"71":25,"72":1,"73":0,"74":1,"75":18,"76":18,"77":18,"78":1,"79":17,"80":3,"81":14,"82":1,"83":1,"84":0,"85":1,"86":41},"f":{"0":20,"1":20,"2":20,"3":8,"4":20,"5":20,"6":0,"7":3,"8":3,"9":18,"10":18,"11":12,"12":4,"13":16,"14":24,"15":16,"16":6,"17":8,"18":6,"19":1,"20":1,"21":18,"22":1,"23":2,"24":0,"25":39,"26":0,"27":1,"28":25,"29":1,"30":0,"31":1,"32":1,"33":1,"34":0,"35":41},"b":{"0":[0,20],"1":[10,10],"2":[20,12],"3":[2],"4":[20,0],"5":[20,18],"6":[0,20],"7":[0,0],"8":[0,0],"9":[20,2],"10":[20,18],"11":[20,18],"12":[20,18],"13":[18,2],"14":[20,18],"15":[20,18],"16":[18,17],"17":[24,2],"18":[24,4],"19":[24,22],"20":[18,0],"21":[18,2],"22":[25,18],"23":[18,7],"24":[18,7],"25":[18,17],"26":[17,1],"27":[17,1],"28":[18,1],"29":[1,17],"30":[1,17],"31":[0,18],"32":[0,18],"33":[1,17],"34":[18,17,1],"35":[3,14],"36":[17,3],"37":[13,1],"38":[0,13],"39":[1,0],"40":[0,1],"41":[14,14],"42":[0,41]},"_coverageSchema":"1a1c01bbd47fc00a2c39e90264f33305004495a9","hash":"ad71c8993418f8096e8d9beb9dc01e19b64fb39c"}
,"C:\\DesenvolvimentoDeAplicacoesWeb\\projeto-final\\proestoque\\src\\components\\ErrorView.tsx": {"path":"C:\\DesenvolvimentoDeAplicacoesWeb\\projeto-final\\proestoque\\src\\components\\ErrorView.tsx","statementMap":{"0":{"start":{"line":13,"column":21},"end":{"line":13,"column":31}},"1":{"start":{"line":14,"column":12},"end":{"line":14,"column":57}},"2":{"start":{"line":14,"column":32},"end":{"line":14,"column":46}},"3":{"start":{"line":16,"column":2},"end":{"line":27,"column":4}},"4":{"start":{"line":30,"column":15},"end":{"line":64,"column":2}},"5":{"start":{"line":30,"column":40},"end":{"line":64,"column":2}}},"fnMap":{"0":{"name":"ErrorView","decl":{"start":{"line":12,"column":16},"end":{"line":12,"column":25}},"loc":{"start":{"line":12,"column":106},"end":{"line":28,"column":1}},"line":12},"1":{"name":"(anonymous_1)","decl":{"start":{"line":14,"column":26},"end":{"line":14,"column":27}},"loc":{"start":{"line":14,"column":32},"end":{"line":14,"column":46}},"line":14},"2":{"name":"(anonymous_2)","decl":{"start":{"line":30,"column":15},"end":{"line":30,"column":16}},"loc":{"start":{"line":30,"column":40},"end":{"line":64,"column":2}},"line":30}},"branchMap":{"0":{"loc":{"start":{"line":12,"column":28},"end":{"line":12,"column":77}},"type":"default-arg","locations":[{"start":{"line":12,"column":38},"end":{"line":12,"column":77}}],"line":12}},"s":{"0":3,"1":3,"2":3,"3":3,"4":1,"5":3},"f":{"0":3,"1":3,"2":3},"b":{"0":[0]},"_coverageSchema":"1a1c01bbd47fc00a2c39e90264f33305004495a9","hash":"efa46b039514e1cf78aa28ef78214c8d0fedb889"}
,"C:\\DesenvolvimentoDeAplicacoesWeb\\projeto-final\\proestoque\\src\\components\\ProductCard.tsx": {"path":"C:\\DesenvolvimentoDeAplicacoesWeb\\projeto-final\\proestoque\\src\\components\\ProductCard.tsx","statementMap":{"0":{"start":{"line":27,"column":21},"end":{"line":27,"column":31}},"1":{"start":{"line":28,"column":12},"end":{"line":28,"column":57}},"2":{"start":{"line":28,"column":32},"end":{"line":28,"column":46}},"3":{"start":{"line":29,"column":16},"end":{"line":29,"column":71}},"4":{"start":{"line":31,"column":2},"end":{"line":62,"column":4}},"5":{"start":{"line":54,"column":23},"end":{"line":54,"column":43}},"6":{"start":{"line":65,"column":15},"end":{"line":119,"column":2}},"7":{"start":{"line":65,"column":40},"end":{"line":119,"column":2}}},"fnMap":{"0":{"name":"ProductCard","decl":{"start":{"line":26,"column":16},"end":{"line":26,"column":27}},"loc":{"start":{"line":26,"column":69},"end":{"line":63,"column":1}},"line":26},"1":{"name":"(anonymous_1)","decl":{"start":{"line":28,"column":26},"end":{"line":28,"column":27}},"loc":{"start":{"line":28,"column":32},"end":{"line":28,"column":46}},"line":28},"2":{"name":"(anonymous_2)","decl":{"start":{"line":54,"column":17},"end":{"line":54,"column":18}},"loc":{"start":{"line":54,"column":23},"end":{"line":54,"column":43}},"line":54},"3":{"name":"(anonymous_3)","decl":{"start":{"line":65,"column":15},"end":{"line":65,"column":16}},"loc":{"start":{"line":65,"column":40},"end":{"line":119,"column":2}},"line":65}},"branchMap":{"0":{"loc":{"start":{"line":46,"column":7},"end":{"line":50,"column":7}},"type":"binary-expr","locations":[{"start":{"line":46,"column":7},"end":{"line":46,"column":12}},{"start":{"line":47,"column":8},"end":{"line":49,"column":15}}],"line":46}},"s":{"0":7,"1":7,"2":7,"3":7,"4":7,"5":1,"6":1,"7":7},"f":{"0":7,"1":7,"2":1,"3":7},"b":{"0":[7,2]},"_coverageSchema":"1a1c01bbd47fc00a2c39e90264f33305004495a9","hash":"6d136ae965446ba6ca99a7fe4276fc2dd3693c08"}
,"C:\\DesenvolvimentoDeAplicacoesWeb\\projeto-final\\proestoque\\src\\components\\ProdutoSkeleton.tsx": {"path":"C:\\DesenvolvimentoDeAplicacoesWeb\\projeto-final\\proestoque\\src\\components\\ProdutoSkeleton.tsx","statementMap":{"0":{"start":{"line":8,"column":21},"end":{"line":8,"column":31}},"1":{"start":{"line":9,"column":12},"end":{"line":9,"column":57}},"2":{"start":{"line":9,"column":32},"end":{"line":9,"column":46}},"3":{"start":{"line":11,"column":2},"end":{"line":20,"column":3}},"4":{"start":{"line":12,"column":4},"end":{"line":19,"column":6}},"5":{"start":{"line":22,"column":4},"end":{"line":31,"column":4}},"6":{"start":{"line":35,"column":21},"end":{"line":35,"column":31}},"7":{"start":{"line":36,"column":12},"end":{"line":36,"column":57}},"8":{"start":{"line":36,"column":32},"end":{"line":36,"column":46}},"9":{"start":{"line":38,"column":2},"end":{"line":46,"column":4}},"10":{"start":{"line":41,"column":8},"end":{"line":43,"column":15}},"11":{"start":{"line":49,"column":15},"end":{"line":99,"column":2}},"12":{"start":{"line":49,"column":40},"end":{"line":99,"column":2}}},"fnMap":{"0":{"name":"ProdutoSkeletonItem","decl":{"start":{"line":7,"column":16},"end":{"line":7,"column":35}},"loc":{"start":{"line":7,"column":90},"end":{"line":32,"column":1}},"line":7},"1":{"name":"(anonymous_1)","decl":{"start":{"line":9,"column":26},"end":{"line":9,"column":27}},"loc":{"start":{"line":9,"column":32},"end":{"line":9,"column":46}},"line":9},"2":{"name":"ProdutoListaSkeleton","decl":{"start":{"line":34,"column":16},"end":{"line":34,"column":36}},"loc":{"start":{"line":34,"column":118},"end":{"line":47,"column":1}},"line":34},"3":{"name":"(anonymous_3)","decl":{"start":{"line":36,"column":26},"end":{"line":36,"column":27}},"loc":{"start":{"line":36,"column":32},"end":{"line":36,"column":46}},"line":36},"4":{"name":"(anonymous_4)","decl":{"start":{"line":40,"column":41},"end":{"line":40,"column":42}},"loc":{"start":{"line":41,"column":8},"end":{"line":43,"column":15}},"line":41},"5":{"name":"(anonymous_5)","decl":{"start":{"line":49,"column":15},"end":{"line":49,"column":16}},"loc":{"start":{"line":49,"column":40},"end":{"line":99,"column":2}},"line":49}},"branchMap":{"0":{"loc":{"start":{"line":7,"column":38},"end":{"line":7,"column":58}},"type":"default-arg","locations":[{"start":{"line":7,"column":53},"end":{"line":7,"column":58}}],"line":7},"1":{"loc":{"start":{"line":11,"column":2},"end":{"line":20,"column":3}},"type":"if","locations":[{"start":{"line":11,"column":2},"end":{"line":20,"column":3}},{"start":{},"end":{}}],"line":11},"2":{"loc":{"start":{"line":34,"column":39},"end":{"line":34,"column":48}},"type":"default-arg","locations":[{"start":{"line":34,"column":47},"end":{"line":34,"column":48}}],"line":34},"3":{"loc":{"start":{"line":34,"column":50},"end":{"line":34,"column":70}},"type":"default-arg","locations":[{"start":{"line":34,"column":65},"end":{"line":34,"column":70}}],"line":34},"4":{"loc":{"start":{"line":39,"column":17},"end":{"line":39,"column":58}},"type":"cond-expr","locations":[{"start":{"line":39,"column":32},"end":{"line":39,"column":45}},{"start":{"line":39,"column":48},"end":{"line":39,"column":58}}],"line":39},"5":{"loc":{"start":{"line":41,"column":33},"end":{"line":41,"column":86}},"type":"cond-expr","locations":[{"start":{"line":41,"column":48},"end":{"line":41,"column":67}},{"start":{"line":41,"column":70},"end":{"line":41,"column":86}}],"line":41}},"s":{"0":32,"1":32,"2":32,"3":32,"4":15,"5":17,"6":7,"7":7,"8":7,"9":7,"10":29,"11":2,"12":39},"f":{"0":32,"1":32,"2":7,"3":7,"4":29,"5":39},"b":{"0":[1],"1":[15,17],"2":[3],"3":[3],"4":[3,4],"5":[14,15]},"_coverageSchema":"1a1c01bbd47fc00a2c39e90264f33305004495a9","hash":"55ed82b6482cc2abcd918c9f5a288051af1b14c0"}
,"C:\\DesenvolvimentoDeAplicacoesWeb\\projeto-final\\proestoque\\src\\components\\Skeleton.tsx": {"path":"C:\\DesenvolvimentoDeAplicacoesWeb\\projeto-final\\proestoque\\src\\components\\Skeleton.tsx","statementMap":{"0":{"start":{"line":14,"column":21},"end":{"line":14,"column":31}},"1":{"start":{"line":15,"column":12},"end":{"line":15,"column":57}},"2":{"start":{"line":15,"column":32},"end":{"line":15,"column":46}},"3":{"start":{"line":16,"column":24},"end":{"line":16,"column":63}},"4":{"start":{"line":18,"column":2},"end":{"line":33,"column":22}},"5":{"start":{"line":19,"column":4},"end":{"line":32,"column":14}},"6":{"start":{"line":35,"column":2},"end":{"line":48,"column":4}},"7":{"start":{"line":51,"column":15},"end":{"line":55,"column":2}},"8":{"start":{"line":51,"column":40},"end":{"line":55,"column":2}}},"fnMap":{"0":{"name":"Skeleton","decl":{"start":{"line":13,"column":16},"end":{"line":13,"column":24}},"loc":{"start":{"line":13,"column":84},"end":{"line":49,"column":1}},"line":13},"1":{"name":"(anonymous_1)","decl":{"start":{"line":15,"column":26},"end":{"line":15,"column":27}},"loc":{"start":{"line":15,"column":32},"end":{"line":15,"column":46}},"line":15},"2":{"name":"(anonymous_2)","decl":{"start":{"line":18,"column":12},"end":{"line":18,"column":13}},"loc":{"start":{"line":18,"column":18},"end":{"line":33,"column":3}},"line":18},"3":{"name":"(anonymous_3)","decl":{"start":{"line":51,"column":15},"end":{"line":51,"column":16}},"loc":{"start":{"line":51,"column":40},"end":{"line":55,"column":2}},"line":51}},"branchMap":{"0":{"loc":{"start":{"line":13,"column":42},"end":{"line":13,"column":58}},"type":"default-arg","locations":[{"start":{"line":13,"column":57},"end":{"line":13,"column":58}}],"line":13}},"s":{"0":128,"1":128,"2":128,"3":128,"4":128,"5":128,"6":128,"7":2,"8":128},"f":{"0":128,"1":128,"2":128,"3":128},"b":{"0":[64]},"_coverageSchema":"1a1c01bbd47fc00a2c39e90264f33305004495a9","hash":"67c33050fb051c6a86875367cfe62237a651afa7"}
,"C:\\DesenvolvimentoDeAplicacoesWeb\\projeto-final\\proestoque\\src\\components\\web\\WebFooter.tsx": {"path":"C:\\DesenvolvimentoDeAplicacoesWeb\\projeto-final\\proestoque\\src\\components\\web\\WebFooter.tsx","statementMap":{"0":{"start":{"line":6,"column":21},"end":{"line":13,"column":1}},"1":{"start":{"line":16,"column":21},"end":{"line":16,"column":31}},"2":{"start":{"line":17,"column":12},"end":{"line":17,"column":57}},"3":{"start":{"line":17,"column":32},"end":{"line":17,"column":46}},"4":{"start":{"line":19,"column":2},"end":{"line":41,"column":4}},"5":{"start":{"line":24,"column":12},"end":{"line":30,"column":31}},"6":{"start":{"line":44,"column":15},"end":{"line":82,"column":2}},"7":{"start":{"line":44,"column":40},"end":{"line":82,"column":2}}},"fnMap":{"0":{"name":"WebFooter","decl":{"start":{"line":15,"column":16},"end":{"line":15,"column":25}},"loc":{"start":{"line":15,"column":28},"end":{"line":42,"column":1}},"line":15},"1":{"name":"(anonymous_1)","decl":{"start":{"line":17,"column":26},"end":{"line":17,"column":27}},"loc":{"start":{"line":17,"column":32},"end":{"line":17,"column":46}},"line":17},"2":{"name":"(anonymous_2)","decl":{"start":{"line":23,"column":28},"end":{"line":23,"column":29}},"loc":{"start":{"line":24,"column":12},"end":{"line":30,"column":31}},"line":24},"3":{"name":"(anonymous_3)","decl":{"start":{"line":44,"column":15},"end":{"line":44,"column":16}},"loc":{"start":{"line":44,"column":40},"end":{"line":82,"column":2}},"line":44}},"branchMap":{},"s":{"0":2,"1":4,"2":4,"3":4,"4":4,"5":24,"6":2,"7":4},"f":{"0":4,"1":4,"2":24,"3":4},"b":{},"_coverageSchema":"1a1c01bbd47fc00a2c39e90264f33305004495a9","hash":"d05917f806921474fa19080e0d9e4ce578875a2f"}
,"C:\\DesenvolvimentoDeAplicacoesWeb\\projeto-final\\proestoque\\src\\hooks\\useEstoque.ts": {"path":"C:\\DesenvolvimentoDeAplicacoesWeb\\projeto-final\\proestoque\\src\\hooks\\useEstoque.ts","statementMap":{"0":{"start":{"line":17,"column":21},"end":{"line":20,"column":3}},"1":{"start":{"line":18,"column":10},"end":{"line":18,"column":70}},"2":{"start":{"line":18,"column":38},"end":{"line":18,"column":66}},"3":{"start":{"line":22,"column":31},"end":{"line":25,"column":3}},"4":{"start":{"line":23,"column":10},"end":{"line":23,"column":68}},"5":{"start":{"line":23,"column":33},"end":{"line":23,"column":67}},"6":{"start":{"line":27,"column":21},"end":{"line":30,"column":3}},"7":{"start":{"line":28,"column":10},"end":{"line":28,"column":60}},"8":{"start":{"line":28,"column":38},"end":{"line":28,"column":56}},"9":{"start":{"line":32,"column":2},"end":{"line":32,"column":58}}},"fnMap":{"0":{"name":"useEstoque","decl":{"start":{"line":16,"column":16},"end":{"line":16,"column":26}},"loc":{"start":{"line":16,"column":68},"end":{"line":33,"column":1}},"line":16},"1":{"name":"(anonymous_1)","decl":{"start":{"line":18,"column":4},"end":{"line":18,"column":5}},"loc":{"start":{"line":18,"column":10},"end":{"line":18,"column":70}},"line":18},"2":{"name":"(anonymous_2)","decl":{"start":{"line":18,"column":26},"end":{"line":18,"column":27}},"loc":{"start":{"line":18,"column":38},"end":{"line":18,"column":66}},"line":18},"3":{"name":"(anonymous_3)","decl":{"start":{"line":23,"column":4},"end":{"line":23,"column":5}},"loc":{"start":{"line":23,"column":10},"end":{"line":23,"column":68}},"line":23},"4":{"name":"(anonymous_4)","decl":{"start":{"line":23,"column":26},"end":{"line":23,"column":27}},"loc":{"start":{"line":23,"column":33},"end":{"line":23,"column":67}},"line":23},"5":{"name":"(anonymous_5)","decl":{"start":{"line":28,"column":4},"end":{"line":28,"column":5}},"loc":{"start":{"line":28,"column":10},"end":{"line":28,"column":60}},"line":28},"6":{"name":"(anonymous_6)","decl":{"start":{"line":28,"column":26},"end":{"line":28,"column":27}},"loc":{"start":{"line":28,"column":38},"end":{"line":28,"column":56}},"line":28}},"branchMap":{},"s":{"0":6,"1":6,"2":15,"3":6,"4":6,"5":15,"6":6,"7":6,"8":15,"9":6},"f":{"0":6,"1":6,"2":15,"3":6,"4":15,"5":6,"6":15},"b":{},"_coverageSchema":"1a1c01bbd47fc00a2c39e90264f33305004495a9","hash":"363d59e85f12e25db8d3a2b6a147ec67b3bc1269"}
,"C:\\DesenvolvimentoDeAplicacoesWeb\\projeto-final\\proestoque\\src\\utils\\formatters.ts": {"path":"C:\\DesenvolvimentoDeAplicacoesWeb\\projeto-final\\proestoque\\src\\utils\\formatters.ts","statementMap":{"0":{"start":{"line":8,"column":2},"end":{"line":11,"column":5}},"1":{"start":{"line":22,"column":2},"end":{"line":22,"column":28}},"2":{"start":{"line":33,"column":2},"end":{"line":33,"column":30}}},"fnMap":{"0":{"name":"formatCurrency","decl":{"start":{"line":7,"column":16},"end":{"line":7,"column":30}},"loc":{"start":{"line":7,"column":54},"end":{"line":12,"column":1}},"line":7},"1":{"name":"calcularValorTotal","decl":{"start":{"line":21,"column":16},"end":{"line":21,"column":34}},"loc":{"start":{"line":21,"column":78},"end":{"line":23,"column":1}},"line":21},"2":{"name":"estoqueBaixo","decl":{"start":{"line":32,"column":16},"end":{"line":32,"column":28}},"loc":{"start":{"line":32,"column":74},"end":{"line":34,"column":1}},"line":32}},"branchMap":{},"s":{"0":12,"1":5,"2":12},"f":{"0":12,"1":5,"2":12},"b":{},"_coverageSchema":"1a1c01bbd47fc00a2c39e90264f33305004495a9","hash":"98b551b1d1160ceb7abb5ad9112baa00265a6aef"}
}
