TN:
SF:app\(tabs)\produtos\index.tsx
FN:41,getStatusEstoque
FN:47,getStatusConfig
FN:68,getCategoriaIcone
FN:69,(anonymous_3)
FN:73,ProdutoCard
FN:85,(anonymous_5)
FN:110,(anonymous_6)
FN:162,ListaVazia
FN:164,(anonymous_8)
FN:184,ProdutosScreen
FN:187,(anonymous_10)
FN:203,(anonymous_11)
FN:205,(anonymous_12)
FN:208,(anonymous_13)
FN:211,(anonymous_14)
FN:224,(anonymous_15)
FN:225,(anonymous_16)
FN:228,(anonymous_17)
FN:229,(anonymous_18)
FN:232,(anonymous_19)
FN:241,(anonymous_20)
FN:247,(anonymous_21)
FN:252,(anonymous_22)
FN:259,(anonymous_23)
FN:264,(anonymous_24)
FN:271,(anonymous_25)
FN:282,(anonymous_26)
FN:308,(anonymous_27)
FN:322,(anonymous_28)
FN:332,(anonymous_29)
FN:354,(anonymous_30)
FN:384,(anonymous_31)
FN:474,(anonymous_32)
FN:479,(anonymous_33)
FN:510,(anonymous_34)
FN:520,(anonymous_35)
FNF:36
FNH:31
FNDA:20,getStatusEstoque
FNDA:20,getStatusConfig
FNDA:20,getCategoriaIcone
FNDA:8,(anonymous_3)
FNDA:20,ProdutoCard
FNDA:20,(anonymous_5)
FNDA:0,(anonymous_6)
FNDA:3,ListaVazia
FNDA:3,(anonymous_8)
FNDA:18,ProdutosScreen
FNDA:18,(anonymous_10)
FNDA:12,(anonymous_11)
FNDA:4,(anonymous_12)
FNDA:16,(anonymous_13)
FNDA:24,(anonymous_14)
FNDA:16,(anonymous_15)
FNDA:6,(anonymous_16)
FNDA:8,(anonymous_17)
FNDA:6,(anonymous_18)
FNDA:1,(anonymous_19)
FNDA:1,(anonymous_20)
FNDA:18,(anonymous_21)
FNDA:1,(anonymous_22)
FNDA:2,(anonymous_23)
FNDA:0,(anonymous_24)
FNDA:39,(anonymous_25)
FNDA:0,(anonymous_26)
FNDA:1,(anonymous_27)
FNDA:25,(anonymous_28)
FNDA:1,(anonymous_29)
FNDA:0,(anonymous_30)
FNDA:1,(anonymous_31)
FNDA:1,(anonymous_32)
FNDA:1,(anonymous_33)
FNDA:0,(anonymous_34)
FNDA:41,(anonymous_35)
DA:28,1
DA:42,20
DA:43,20
DA:44,10
DA:48,20
DA:65,20
DA:69,20
DA:84,20
DA:85,20
DA:86,20
DA:87,20
DA:88,20
DA:89,20
DA:91,20
DA:93,20
DA:110,0
DA:163,3
DA:164,3
DA:166,3
DA:185,18
DA:186,18
DA:187,18
DA:188,18
DA:189,18
DA:191,18
DA:192,18
DA:195,18
DA:197,18
DA:199,18
DA:200,18
DA:201,18
DA:203,18
DA:205,4
DA:208,18
DA:209,16
DA:211,16
DA:213,24
DA:217,24
DA:220,24
DA:224,18
DA:225,16
DA:228,8
DA:229,6
DA:232,18
DA:233,1
DA:234,1
DA:235,1
DA:237,1
DA:241,18
DA:242,1
DA:243,1
DA:246,18
DA:248,18
DA:252,1
DA:258,18
DA:260,2
DA:264,0
DA:271,39
DA:274,18
DA:282,0
DA:308,1
DA:323,25
DA:324,25
DA:332,1
DA:354,0
DA:384,1
DA:418,18
DA:427,18
DA:435,18
DA:436,1
DA:444,17
DA:445,3
DA:448,14
DA:475,1
DA:479,1
DA:510,0
DA:520,41
LF:77
LH:72
BRDA:42,0,0,0
BRDA:42,0,1,20
BRDA:43,1,0,10
BRDA:43,1,1,10
BRDA:69,2,0,20
BRDA:69,2,1,12
BRDA:76,3,0,2
BRDA:91,4,0,20
BRDA:91,4,1,0
BRDA:99,5,0,20
BRDA:99,5,1,18
BRDA:102,6,0,0
BRDA:102,6,1,20
BRDA:107,7,0,0
BRDA:107,7,1,0
BRDA:108,8,0,0
BRDA:108,8,1,0
BRDA:116,9,0,20
BRDA:116,9,1,2
BRDA:117,10,0,20
BRDA:117,10,1,18
BRDA:131,11,0,20
BRDA:131,11,1,18
BRDA:135,12,0,20
BRDA:135,12,1,18
BRDA:136,13,0,18
BRDA:136,13,1,2
BRDA:141,14,0,20
BRDA:141,14,1,18
BRDA:151,15,0,20
BRDA:151,15,1,18
BRDA:201,16,0,18
BRDA:201,16,1,17
BRDA:213,17,0,24
BRDA:213,17,1,2
BRDA:217,18,0,24
BRDA:217,18,1,4
BRDA:220,19,0,24
BRDA:220,19,1,22
BRDA:277,20,0,18
BRDA:277,20,1,0
BRDA:306,21,0,18
BRDA:306,21,1,2
BRDA:326,22,0,25
BRDA:326,22,1,18
BRDA:329,23,0,18
BRDA:329,23,1,7
BRDA:337,24,0,18
BRDA:337,24,1,7
BRDA:351,25,0,18
BRDA:351,25,1,17
BRDA:360,26,0,17
BRDA:360,26,1,1
BRDA:369,27,0,17
BRDA:369,27,1,1
BRDA:381,28,0,18
BRDA:381,28,1,1
BRDA:390,29,0,1
BRDA:390,29,1,17
BRDA:399,30,0,1
BRDA:399,30,1,17
BRDA:412,31,0,0
BRDA:412,31,1,18
BRDA:418,32,0,0
BRDA:418,32,1,18
BRDA:435,33,0,1
BRDA:435,33,1,17
BRDA:435,34,0,18
BRDA:435,34,1,17
BRDA:435,34,2,1
BRDA:444,35,0,3
BRDA:444,35,1,14
BRDA:444,36,0,17
BRDA:444,36,1,3
BRDA:450,37,0,13
BRDA:450,37,1,1
BRDA:462,38,0,0
BRDA:462,38,1,13
BRDA:479,39,0,1
BRDA:479,39,1,0
BRDA:497,40,0,0
BRDA:497,40,1,1
BRDA:506,41,0,14
BRDA:506,41,1,14
BRDA:526,42,0,0
BRDA:526,42,1,41
BRF:86
BRH:72
end_of_record
TN:
SF:src\components\ErrorView.tsx
FN:12,ErrorView
FN:14,(anonymous_1)
FN:30,(anonymous_2)
FNF:3
FNH:3
FNDA:3,ErrorView
FNDA:3,(anonymous_1)
FNDA:3,(anonymous_2)
DA:13,3
DA:14,3
DA:16,3
DA:30,3
LF:4
LH:4
BRDA:12,0,0,0
BRF:1
BRH:0
end_of_record
TN:
SF:src\components\ProductCard.tsx
FN:26,ProductCard
FN:28,(anonymous_1)
FN:54,(anonymous_2)
FN:65,(anonymous_3)
FNF:4
FNH:4
FNDA:7,ProductCard
FNDA:7,(anonymous_1)
FNDA:1,(anonymous_2)
FNDA:7,(anonymous_3)
DA:27,7
DA:28,7
DA:29,7
DA:31,7
DA:54,1
DA:65,7
LF:6
LH:6
BRDA:46,0,0,7
BRDA:46,0,1,2
BRF:2
BRH:2
end_of_record
TN:
SF:src\components\ProdutoSkeleton.tsx
FN:7,ProdutoSkeletonItem
FN:9,(anonymous_1)
FN:34,ProdutoListaSkeleton
FN:36,(anonymous_3)
FN:40,(anonymous_4)
FN:49,(anonymous_5)
FNF:6
FNH:6
FNDA:32,ProdutoSkeletonItem
FNDA:32,(anonymous_1)
FNDA:7,ProdutoListaSkeleton
FNDA:7,(anonymous_3)
FNDA:29,(anonymous_4)
FNDA:39,(anonymous_5)
DA:8,32
DA:9,32
DA:11,32
DA:12,15
DA:22,17
DA:35,7
DA:36,7
DA:38,7
DA:41,29
DA:49,39
LF:10
LH:10
BRDA:7,0,0,1
BRDA:11,1,0,15
BRDA:11,1,1,17
BRDA:34,2,0,3
BRDA:34,3,0,3
BRDA:39,4,0,3
BRDA:39,4,1,4
BRDA:41,5,0,14
BRDA:41,5,1,15
BRF:9
BRH:9
end_of_record
TN:
SF:src\components\Skeleton.tsx
FN:13,Skeleton
FN:15,(anonymous_1)
FN:18,(anonymous_2)
FN:51,(anonymous_3)
FNF:4
FNH:4
FNDA:128,Skeleton
FNDA:128,(anonymous_1)
FNDA:128,(anonymous_2)
FNDA:128,(anonymous_3)
DA:14,128
DA:15,128
DA:16,128
DA:18,128
DA:19,128
DA:35,128
DA:51,128
LF:7
LH:7
BRDA:13,0,0,64
BRF:1
BRH:1
end_of_record
TN:
SF:src\components\web\WebFooter.tsx
FN:15,WebFooter
FN:17,(anonymous_1)
FN:23,(anonymous_2)
FN:44,(anonymous_3)
FNF:4
FNH:4
FNDA:4,WebFooter
FNDA:4,(anonymous_1)
FNDA:24,(anonymous_2)
FNDA:4,(anonymous_3)
DA:6,2
DA:16,4
DA:17,4
DA:19,4
DA:24,24
DA:44,4
LF:6
LH:6
BRF:0
BRH:0
end_of_record
TN:
SF:src\hooks\useEstoque.ts
FN:16,useEstoque
FN:18,(anonymous_1)
FN:18,(anonymous_2)
FN:23,(anonymous_3)
FN:23,(anonymous_4)
FN:28,(anonymous_5)
FN:28,(anonymous_6)
FNF:7
FNH:7
FNDA:6,useEstoque
FNDA:6,(anonymous_1)
FNDA:15,(anonymous_2)
FNDA:6,(anonymous_3)
FNDA:15,(anonymous_4)
FNDA:6,(anonymous_5)
FNDA:15,(anonymous_6)
DA:17,6
DA:18,15
DA:22,6
DA:23,15
DA:27,6
DA:28,15
DA:32,6
LF:7
LH:7
BRF:0
BRH:0
end_of_record
TN:
SF:src\utils\formatters.ts
FN:7,formatCurrency
FN:21,calcularValorTotal
FN:32,estoqueBaixo
FNF:3
FNH:3
FNDA:12,formatCurrency
FNDA:5,calcularValorTotal
FNDA:12,estoqueBaixo
DA:8,12
DA:22,5
DA:33,12
LF:3
LH:3
BRF:0
BRH:0
end_of_record
